{"/Users/danhoeller/Website Development/kineticbrandpartners/marketing-site/marketing-site/src/app/layout.tsx": {"path":"/Users/danhoeller/Website Development/kineticbrandpartners/marketing-site/marketing-site/src/app/layout.tsx","statementMap":{"0":{"start":{"line":10,"column":24},"end":{"line":10,"column":35}},"1":{"start":{"line":5,"column":13},"end":{"line":5,"column":21}},"2":{"start":{"line":2,"column":7},"end":{"line":2,"column":null}},"3":{"start":{"line":5,"column":34},"end":{"line":8,"column":null}}},"fnMap":{"0":{"name":"RootLayout","decl":{"start":{"line":10,"column":24},"end":{"line":10,"column":35}},"loc":{"start":{"line":14,"column":1},"end":{"line":22,"column":1}}}},"branchMap":{},"s":{"0":0,"1":0,"2":0,"3":0},"f":{"0":0},"b":{}}
,"/Users/danhoeller/Website Development/kineticbrandpartners/marketing-site/marketing-site/src/app/page.tsx": {"path":"/Users/danhoeller/Website Development/kineticbrandpartners/marketing-site/marketing-site/src/app/page.tsx","statementMap":{"0":{"start":{"line":8,"column":24},"end":{"line":8,"column":null}},"1":{"start":{"line":5,"column":18},"end":{"line":5,"column":null}},"2":{"start":{"line":6,"column":25},"end":{"line":6,"column":null}},"3":{"start":{"line":9,"column":2},"end":{"line":9,"column":null}}},"fnMap":{"0":{"name":"Home","decl":{"start":{"line":8,"column":24},"end":{"line":8,"column":null}},"loc":{"start":{"line":8,"column":24},"end":{"line":10,"column":null}}}},"branchMap":{},"s":{"0":0,"1":0,"2":0,"3":0},"f":{"0":0},"b":{}}
,"/Users/danhoeller/Website Development/kineticbrandpartners/marketing-site/marketing-site/src/components/PersonalSite.tsx": {"path":"/Users/danhoeller/Website Development/kineticbrandpartners/marketing-site/marketing-site/src/components/PersonalSite.tsx","statementMap":{"0":{"start":{"line":433,"column":0},"end":{"line":433,"column":15}},"1":{"start":{"line":5,"column":64},"end":{"line":5,"column":null}},"2":{"start":{"line":6,"column":18},"end":{"line":6,"column":null}},"3":{"start":{"line":8,"column":21},"end":{"line":431,"column":null}},"4":{"start":{"line":9,"column":44},"end":{"line":9,"column":null}},"5":{"start":{"line":10,"column":46},"end":{"line":10,"column":null}},"6":{"start":{"line":13,"column":18},"end":{"line":13,"column":null}},"7":{"start":{"line":14,"column":19},"end":{"line":14,"column":null}},"8":{"start":{"line":15,"column":22},"end":{"line":15,"column":null}},"9":{"start":{"line":16,"column":24},"end":{"line":16,"column":null}},"10":{"start":{"line":17,"column":21},"end":{"line":17,"column":null}},"11":{"start":{"line":20,"column":2},"end":{"line":46,"column":null}},"12":{"start":{"line":21,"column":28},"end":{"line":24,"column":null}},"13":{"start":{"line":26,"column":21},"end":{"line":33,"column":null}},"14":{"start":{"line":27,"column":6},"end":{"line":32,"column":null}},"15":{"start":{"line":28,"column":26},"end":{"line":28,"column":null}},"16":{"start":{"line":29,"column":8},"end":{"line":31,"column":null}},"17":{"start":{"line":30,"column":10},"end":{"line":30,"column":null}},"18":{"start":{"line":36,"column":17},"end":{"line":36,"column":null}},"19":{"start":{"line":37,"column":4},"end":{"line":41,"column":null}},"20":{"start":{"line":38,"column":6},"end":{"line":40,"column":null}},"21":{"start":{"line":39,"column":8},"end":{"line":39,"column":null}},"22":{"start":{"line":43,"column":4},"end":{"line":45,"column":null}},"23":{"start":{"line":44,"column":6},"end":{"line":44,"column":null}},"24":{"start":{"line":48,"column":26},"end":{"line":54,"column":null}},"25":{"start":{"line":56,"column":27},"end":{"line":58,"column":null}},"26":{"start":{"line":57,"column":4},"end":{"line":57,"column":null}},"27":{"start":{"line":60,"column":26},"end":{"line":67,"column":null}},"28":{"start":{"line":61,"column":20},"end":{"line":61,"column":null}},"29":{"start":{"line":62,"column":4},"end":{"line":64,"column":null}},"30":{"start":{"line":63,"column":6},"end":{"line":63,"column":null}},"31":{"start":{"line":65,"column":4},"end":{"line":65,"column":null}},"32":{"start":{"line":66,"column":4},"end":{"line":66,"column":null}},"33":{"start":{"line":73,"column":58},"end":{"line":73,"column":83}},"34":{"start":{"line":88,"column":14},"end":{"line":88,"column":null}},"35":{"start":{"line":93,"column":20},"end":{"line":93,"column":null}},"36":{"start":{"line":94,"column":20},"end":{"line":94,"column":null}},"37":{"start":{"line":125,"column":14},"end":{"line":125,"column":null}},"38":{"start":{"line":126,"column":14},"end":{"line":126,"column":null}},"39":{"start":{"line":135,"column":14},"end":{"line":135,"column":null}},"40":{"start":{"line":136,"column":14},"end":{"line":136,"column":null}},"41":{"start":{"line":433,"column":15},"end":{"line":433,"column":null}}},"fnMap":{"0":{"name":"(anonymous_5)","decl":{"start":{"line":8,"column":21},"end":{"line":8,"column":null}},"loc":{"start":{"line":8,"column":21},"end":{"line":431,"column":null}}},"1":{"name":"(anonymous_6)","decl":{"start":{"line":20,"column":12},"end":{"line":20,"column":null}},"loc":{"start":{"line":20,"column":12},"end":{"line":46,"column":5}}},"2":{"name":"(anonymous_7)","decl":{"start":{"line":26,"column":46},"end":{"line":26,"column":47}},"loc":{"start":{"line":26,"column":47},"end":{"line":33,"column":7}}},"3":{"name":"(anonymous_8)","decl":{"start":{"line":27,"column":22},"end":{"line":27,"column":23}},"loc":{"start":{"line":27,"column":23},"end":{"line":32,"column":null}}},"4":{"name":"(anonymous_9)","decl":{"start":{"line":37,"column":17},"end":{"line":37,"column":18}},"loc":{"start":{"line":37,"column":18},"end":{"line":41,"column":null}}},"5":{"name":"(anonymous_10)","decl":{"start":{"line":43,"column":11},"end":{"line":43,"column":null}},"loc":{"start":{"line":43,"column":11},"end":{"line":45,"column":null}}},"6":{"name":"(anonymous_11)","decl":{"start":{"line":56,"column":39},"end":{"line":56,"column":null}},"loc":{"start":{"line":56,"column":39},"end":{"line":58,"column":5}}},"7":{"name":"(anonymous_12)","decl":{"start":{"line":60,"column":38},"end":{"line":60,"column":39}},"loc":{"start":{"line":60,"column":39},"end":{"line":67,"column":5}}},"8":{"name":"(anonymous_14)","decl":{"start":{"line":73,"column":52},"end":{"line":73,"column":58}},"loc":{"start":{"line":73,"column":58},"end":{"line":73,"column":83}}},"9":{"name":"(anonymous_15)","decl":{"start":{"line":87,"column":33},"end":{"line":87,"column":null}},"loc":{"start":{"line":88,"column":14},"end":{"line":88,"column":null}}},"10":{"name":"(anonymous_16)","decl":{"start":{"line":92,"column":27},"end":{"line":92,"column":28}},"loc":{"start":{"line":92,"column":28},"end":{"line":95,"column":null}}},"11":{"name":"(anonymous_18)","decl":{"start":{"line":124,"column":21},"end":{"line":124,"column":22}},"loc":{"start":{"line":124,"column":22},"end":{"line":127,"column":null}}},"12":{"name":"(anonymous_19)","decl":{"start":{"line":134,"column":21},"end":{"line":134,"column":22}},"loc":{"start":{"line":134,"column":22},"end":{"line":137,"column":null}}}},"branchMap":{"0":{"loc":{"start":{"line":29,"column":8},"end":{"line":31,"column":null}},"type":"if","locations":[{"start":{"line":29,"column":8},"end":{"line":31,"column":null}},{"start":{},"end":{}}]},"1":{"loc":{"start":{"line":29,"column":12},"end":{"line":29,"column":45}},"type":"binary-expr","locations":[{"start":{"line":29,"column":12},"end":{"line":29,"column":25}},{"start":{"line":29,"column":25},"end":{"line":29,"column":45}}]},"2":{"loc":{"start":{"line":38,"column":6},"end":{"line":40,"column":null}},"type":"if","locations":[{"start":{"line":38,"column":6},"end":{"line":40,"column":null}},{"start":{},"end":{}}]},"3":{"loc":{"start":{"line":62,"column":4},"end":{"line":64,"column":null}},"type":"if","locations":[{"start":{"line":62,"column":4},"end":{"line":64,"column":null}},{"start":{},"end":{}}]},"4":{"loc":{"start":{"line":83,"column":13},"end":{"line":83,"column":null}},"type":"cond-expr","locations":[{"start":{"line":83,"column":30},"end":{"line":83,"column":36}},{"start":{"line":83,"column":36},"end":{"line":83,"column":null}}]},"5":{"loc":{"start":{"line":86,"column":38},"end":{"line":86,"column":70}},"type":"cond-expr","locations":[{"start":{"line":86,"column":55},"end":{"line":86,"column":66}},{"start":{"line":86,"column":66},"end":{"line":86,"column":70}}]},"6":{"loc":{"start":{"line":91,"column":29},"end":{"line":91,"column":null}},"type":"cond-expr","locations":[{"start":{"line":91,"column":57},"end":{"line":91,"column":68}},{"start":{"line":91,"column":68},"end":{"line":91,"column":null}}]}},"s":{"0":0,"1":0,"2":0,"3":0,"4":0,"5":0,"6":0,"7":0,"8":0,"9":0,"10":0,"11":0,"12":0,"13":0,"14":0,"15":0,"16":0,"17":0,"18":0,"19":0,"20":0,"21":0,"22":0,"23":0,"24":0,"25":0,"26":0,"27":0,"28":0,"29":0,"30":0,"31":0,"32":0,"33":0,"34":0,"35":0,"36":0,"37":0,"38":0,"39":0,"40":0,"41":0},"f":{"0":0,"1":0,"2":0,"3":0,"4":0,"5":0,"6":0,"7":0,"8":0,"9":0,"10":0,"11":0,"12":0},"b":{"0":[0,0],"1":[0,0],"2":[0,0],"3":[0,0],"4":[0,0],"5":[0,0],"6":[0,0]}}
}
